# Log de Creación del Template - Python Script Assistant

**Fecha y hora:** martes, 4 de noviembre de 2025

## Propósito del template

- Crear scripts Python para automatizar tareas comunes del sistema (CLI o GUI)
- Proporcionar una estructura estándar basada en la documentación de estructura genérica de Python
- Facilitar la creación de herramientas de línea de comandos o interfaces gráficas con todas las características necesarias

## Configuración elegida

- Nombre: python_script_assistant
- Versión: 1.0
- Descripción: Asistente para crear scripts Python de automatización (CLI o GUI)
- Autor: Usuario
- Locale: es-ES
- Incluye workflow estructurado en fases
- Manejo de errores y validaciones de seguridad
- Soporte para backups
- Pregunta al usuario si quiere CLI o GUI

## Consideraciones especiales

- Basado en la estructura genérica documentada en estructura_genericas_scripts_python.md
- Compatible con Windows y Linux
- Incluye detección automática de sistema operativo
- Implementa manejo de dependencias automático
- Incorpora sistema de logging y salida coloreada

## Resumen de la estructura creada

- Archivo .toml con metadatos completos, prompts, workflow y validaciones
- Documentación en README.md y README_ES.md
- Estructura compatible con las mejores prácticas de scripts Python
- Incluye ejemplos de implementación
- Manejo de seguridad y validaciones